INFO:root:mahsa has been registered as a student
INFO:root:mahsa has been entered
INFO:root:mahsa has been entered
INFO:root:nazi has been registered as a admin
INFO:root:mahsa has been entered
INFO:root:zari has been registered as a admin
INFO:root:zari has been entered
INFO:root:alireza has been registered as a admin
INFO:root:alireza has been entered
INFO:root:mahi has been registered as a admin
INFO:root:mahi has been entered
INFO:root:event mr robot has been added
INFO:root:event tenet has been added
INFO:root:alireza has been entered
INFO:root:maryam has been registered as a employee
INFO:root:maryam has been entered
INFO:root:mahmood has been registered as a student
INFO:root:mahmood has been entered
INFO:root:mahmood has been entered
INFO:root:mahsa has been entered
INFO:root:sara has been registered as a admin
INFO:root:sara has been entered
INFO:root:mahsa has been entered
INFO:root:cristian has been registered as a normal
INFO:root:mahmood has been entered
